0 info it worked if it ends with ok
1 verbose cli [ '/home/cscott/bin/node', '/home/cscott/bin/npm', 'start' ]
2 info using npm@1.1.48
3 info using node@v0.8.6
4 verbose config file /home/cscott/.npmrc
5 verbose config file /home/cscott/etc/npmrc
6 verbose config file /home/cscott/lib/node_modules/npm/npmrc
7 verbose read json /home/cscott/webapps/requestdump/package.json
8 error Failed to parse json
8 error Unexpected token '
9 error File: /home/cscott/webapps/requestdump/package.json
10 error Failed to parse package.json data.
10 error package.json must be actual JSON, not just JavaScript.
10 error
10 error This is not a bug in npm.
10 error Tell the package author to fix their package.json file. JSON.parse
11 error System Linux 2.6.18-308.8.2.el5PAE
12 error command "/home/cscott/bin/node" "/home/cscott/bin/npm" "start"
13 error cwd /home/cscott/webapps/requestdump
14 error node -v v0.8.6
15 error npm -v 1.1.48
16 error file /home/cscott/webapps/requestdump/package.json
17 error code EJSONPARSE
18 verbose exit [ 1, true ]
